<?xml version="1.0" encoding="UTF-8"?>
<testng-results ignored="0" total="2" passed="2" failed="0" skipped="0">
  <reporter-output>
  </reporter-output>
  <suite started-at="2024-06-15T09:23:38 IST" name="Default suite" finished-at="2024-06-15T09:23:47 IST" duration-ms="9234">
    <groups>
    </groups>
    <test started-at="2024-06-15T09:23:38 IST" name="Default test" finished-at="2024-06-15T09:23:47 IST" duration-ms="9234">
      <class name="magento_Demo.Dropdown_Gear4">
        <test-method is-config="true" signature="openBrowser()[pri:0, instance:magento_Demo.Dropdown_Gear4@14dd9eb7]" started-at="2024-06-15T09:23:38 IST" name="openBrowser" finished-at="2024-06-15T09:23:39 IST" duration-ms="1498" status="PASS">
          <reporter-output>
          </reporter-output>
        </test-method> <!-- openBrowser -->
        <test-method signature="Drop_down_Gear()[pri:0, instance:magento_Demo.Dropdown_Gear4@14dd9eb7]" started-at="2024-06-15T09:23:39 IST" name="Drop_down_Gear" finished-at="2024-06-15T09:23:46 IST" duration-ms="6450" status="PASS">
          <reporter-output>
          </reporter-output>
        </test-method> <!-- Drop_down_Gear -->
        <test-method signature="Gear_add_cart()[pri:0, instance:magento_Demo.Dropdown_Gear4@14dd9eb7]" started-at="2024-06-15T09:23:46 IST" name="Gear_add_cart" finished-at="2024-06-15T09:23:47 IST" duration-ms="1258" status="PASS">
          <reporter-output>
          </reporter-output>
        </test-method> <!-- Gear_add_cart -->
      </class> <!-- magento_Demo.Dropdown_Gear4 -->
    </test> <!-- Default test -->
  </suite> <!-- Default suite -->
</testng-results>
